<?xml version="1.0" encoding="UTF-8"?>
<!-- Generated by org.testng.reporters.JUnitXMLReporter -->
<testsuite ignored="0" hostname="LAPTOP-D5GSIFB0" failures="1" tests="3" name="Test" time="35.563" errors="0" timestamp="2026-01-07T16:08:52 IST">
  <testcase classname="com.comcast.crm.contacttest.CreateContacttest3Listner" name="createContactTest" time="12.207">
    <failure type="java.lang.AssertionError" message="expected [false] but found [true]">
      <![CDATA[java.lang.AssertionError: expected [false] but found [true]
at com.comcast.crm.contacttest.CreateContacttest3Listner.createContactTest(CreateContacttest3Listner.java:52)
at java.base/java.util.ArrayList.forEach(ArrayList.java:1596)
... Removed 32 stack frames]]>
    </failure>
  </testcase> <!-- createContactTest -->
  <testcase classname="com.comcast.crm.contacttest.CreateContacttest3Listner" name="createContactWithOrgTest" time="13.735"/>
  <testcase classname="com.comcast.crm.contacttest.CreateContacttest3Listner" name="createContactWithSupportDate" time="2.856"/>
</testsuite> <!-- Test -->
