<?xml version="1.0" encoding="UTF-8"?>
<!-- Generated by org.testng.reporters.JUnitXMLReporter -->
<testsuite ignored="0" hostname="LAPTOP-D5GSIFB0" failures="0" tests="3" name="Test-1" time="27.192" errors="0" timestamp="2025-12-31T16:11:07 IST">
  <testcase classname="com.comcast.crm.contacttest.CreateContacttest3grpexecution" name="createContactTest" time="3.482"/>
  <testcase classname="com.comcast.crm.contacttest.CreateContacttest3grpexecution" name="createContactWithOrgTest" time="14.56"/>
  <testcase classname="com.comcast.crm.contacttest.CreateContacttest3grpexecution" name="createContactWithSupportDate" time="2.647"/>
</testsuite> <!-- Test-1 -->
