<?xml version="1.0" encoding="UTF-8"?>
<!-- Generated by org.testng.reporters.JUnitReportReporter -->
<testsuite hostname="LAPTOP-D5GSIFB0" failures="0" tests="3" name="com.comcast.crm.contacttest.CreateContacttest4assertion" time="23.302" errors="0" timestamp="2026-01-03T12:16:01 IST" skipped="0">
  <testcase classname="com.comcast.crm.contacttest.CreateContacttest4assertion" name="createContactWithOrgTest" time="12.812"/>
  <testcase classname="com.comcast.crm.contacttest.CreateContacttest4assertion" name="createContactWithSupportDate" time="4.799"/>
  <testcase classname="com.comcast.crm.contacttest.CreateContacttest4assertion" name="createContactTest" time="5.691"/>
</testsuite> <!-- com.comcast.crm.contacttest.CreateContacttest4assertion -->
