<?xml version="1.0" encoding="UTF-8"?>
<!-- Generated by org.testng.reporters.JUnitReportReporter -->
<testsuite hostname="LAPTOP-D5GSIFB0" failures="0" tests="2" name="com.comcast.crm.orgtest.CreateOrganizationTest3" time="32.472" errors="0" timestamp="2025-12-31T10:32:01 IST" skipped="0">
  <testcase classname="com.comcast.crm.orgtest.CreateOrganizationTest3" name="createOrgWithPhoneNum" time="4.261"/>
  <testcase classname="com.comcast.crm.orgtest.CreateOrganizationTest3" name="createOrgWithIndustries" time="28.211"/>
</testsuite> <!-- com.comcast.crm.orgtest.CreateOrganizationTest3 -->
