<?xml version="1.0" encoding="UTF-8"?>
<!-- Generated by org.testng.reporters.JUnitReportReporter -->
<testsuite hostname="LAPTOP-D5GSIFB0" failures="0" tests="3" name="com.comcast.crm.contacttest.CreateContacttest4screenshot" time="22.937" errors="0" timestamp="2026-01-03T12:23:48 IST" skipped="0">
  <testcase classname="com.comcast.crm.contacttest.CreateContacttest4screenshot" name="createContactWithOrgTest" time="14.078"/>
  <testcase classname="com.comcast.crm.contacttest.CreateContacttest4screenshot" name="createContactTest" time="4.989"/>
  <testcase classname="com.comcast.crm.contacttest.CreateContacttest4screenshot" name="createContactWithSupportDate" time="3.870"/>
</testsuite> <!-- com.comcast.crm.contacttest.CreateContacttest4screenshot -->
