<?xml version="1.0" encoding="UTF-8"?>
<!-- Generated by org.testng.reporters.JUnitReportReporter -->
<testsuite hostname="LAPTOP-D5GSIFB0" failures="0" tests="3" name="com.comcast.crm.contacttest.CreateContacttest3Listner" time="23.323" errors="0" timestamp="2026-01-07T16:14:18 IST" skipped="0">
  <testcase classname="com.comcast.crm.contacttest.CreateContacttest3Listner" name="createContactTest" time="5.737"/>
  <testcase classname="com.comcast.crm.contacttest.CreateContacttest3Listner" name="createContactWithSupportDate" time="3.788"/>
  <testcase classname="com.comcast.crm.contacttest.CreateContacttest3Listner" name="createContactWithOrgTest" time="13.798"/>
</testsuite> <!-- com.comcast.crm.contacttest.CreateContacttest3Listner -->
