<?xml version="1.0" encoding="UTF-8"?>
<!-- Generated by org.testng.reporters.JUnitReportReporter -->
<testsuite hostname="LAPTOP-D5GSIFB0" failures="0" tests="2" name="com.comcast.crm.contacttest.CreateContacttest3" time="18.555" errors="0" timestamp="2025-12-31T10:32:01 IST" skipped="0">
  <testcase classname="com.comcast.crm.contacttest.CreateContacttest3" name="createContactWithOrgTest" time="14.982"/>
  <testcase classname="com.comcast.crm.contacttest.CreateContacttest3" name="createContactWithSupportDate" time="3.573"/>
</testsuite> <!-- com.comcast.crm.contacttest.CreateContacttest3 -->
