<?xml version="1.0" encoding="UTF-8"?>
<!-- Generated by org.testng.reporters.JUnitReportReporter -->
<testsuite hostname="LAPTOP-D5GSIFB0" failures="0" tests="3" name="com.comcast.crm.contacttest.CreateContacttest2" time="22.538" errors="0" timestamp="2026-01-03T10:58:45 IST" skipped="0">
  <testcase classname="com.comcast.crm.contacttest.CreateContacttest2" name="createContactWithOrgTest" time="13.141"/>
  <testcase classname="com.comcast.crm.contacttest.CreateContacttest2" name="createContactTest" time="5.003"/>
  <testcase classname="com.comcast.crm.contacttest.CreateContacttest2" name="createContactWithSupportDate" time="4.394"/>
</testsuite> <!-- com.comcast.crm.contacttest.CreateContacttest2 -->
