<?xml version="1.0" encoding="UTF-8"?>
<!-- Generated by org.testng.reporters.JUnitReportReporter -->
<testsuite hostname="LAPTOP-D5GSIFB0" failures="0" tests="3" name="com.comcast.crm.contacttest.CreateContacttest3grpexecution" time="31.494" errors="0" timestamp="2026-01-03T15:25:01 IST" skipped="0">
  <testcase classname="com.comcast.crm.contacttest.CreateContacttest3grpexecution" name="createContactWithSupportDate" time="5.876"/>
  <testcase classname="com.comcast.crm.contacttest.CreateContacttest3grpexecution" name="createContactTest" time="7.971"/>
  <testcase classname="com.comcast.crm.contacttest.CreateContacttest3grpexecution" name="createContactWithOrgTest" time="17.647"/>
</testsuite> <!-- com.comcast.crm.contacttest.CreateContacttest3grpexecution -->
