<?xml version="1.0" encoding="UTF-8"?>
<!-- Generated by org.testng.reporters.JUnitReportReporter -->
<testsuite hostname="LAPTOP-D5GSIFB0" failures="0" tests="3" name="com.comcast.crm.orgtest.CreateOrganizationTest2" time="36.935" errors="0" timestamp="2025-12-31T10:13:30 IST" skipped="0">
  <testcase classname="com.comcast.crm.orgtest.CreateOrganizationTest2" name="createOrg" time="5.121"/>
  <testcase classname="com.comcast.crm.orgtest.CreateOrganizationTest2" name="createOrgWithIndustries" time="27.706"/>
  <testcase classname="com.comcast.crm.orgtest.CreateOrganizationTest2" name="createOrgWithPhoneNum" time="4.108"/>
</testsuite> <!-- com.comcast.crm.orgtest.CreateOrganizationTest2 -->
