<?xml version="1.0" encoding="UTF-8"?>
<!-- Generated by org.testng.reporters.JUnitReportReporter -->
<testsuite hostname="LAPTOP-D5GSIFB0" failures="0" tests="2" name="config.pack.CreateContactTest" time="0.011" errors="0" timestamp="2025-12-30T09:54:59 IST" skipped="0">
  <testcase classname="config.pack.CreateContactTest" name="createcontactwithdDate" time="0.002"/>
  <testcase classname="config.pack.CreateContactTest" name="createcontact" time="0.009"/>
</testsuite> <!-- config.pack.CreateContactTest -->
